<?xml version="1.0" encoding="utf-8"?>
<config>
  <bind>127.0.0.1:6000</bind>
  <servname>cert-01.needham.inria.fr</servname>
  <versions>TLS_1p0 TLS_1p1 TLS_1p2</versions>
  <ciphers>
  TLS_RSA_WITH_NULL_MD5
  TLS_RSA_WITH_NULL_SHA
  TLS_RSA_WITH_RC4_128_MD5
  TLS_RSA_WITH_RC4_128_SHA
  TLS_RSA_WITH_3DES_EDE_CBC_SHA
  TLS_RSA_WITH_AES_128_CBC_SHA
  TLS_RSA_WITH_AES_256_CBC_SHA
  TLS_RSA_WITH_AES_128_CBC_SHA256
  TLS_RSA_WITH_AES_256_CBC_SHA256
  </ciphers>
</config>
