<?xml version="1.0" encoding="utf-8"?>
<config>
  <driver>OpenSSL</driver>
  <bind>127.0.0.1:6000</bind>
  <servname>needham.inria.fr</servname>
  <ciphers>
    TLS_RSA_WITH_RC4_128_SHA
    TLS_RSA_WITH_3DES_EDE_CBC_SHA
    TLS_RSA_WITH_AES_128_CBC_SHA
    TLS_RSA_WITH_AES_128_CBC_SHA256
    TLS_RSA_WITH_AES_256_CBC_SHA
    TLS_RSA_WITH_AES_256_CBC_SHA256
  </ciphers>
</config>
